CMake Warning at /opt/ros/kinetic/share/catkin/cmake/catkin_package.cmake:166 (message):
  catkin_package() DEPENDS on 'system_lib' but neither
  'system_lib_INCLUDE_DIRS' nor 'system_lib_LIBRARIES' is defined.
Call Stack (most recent call first):
  /opt/ros/kinetic/share/catkin/cmake/catkin_package.cmake:102 (_catkin_package)
  CMakeLists.txt:108 (catkin_package)


make[2]: è­¦å‘Š: ãƒ•ã‚¡ã‚¤ãƒ« '/home/mlab/catkin_ws/src/img_subscriber/src/img_data_subpub_node.cpp' ã®ä¿®æ­£æ™‚åˆ» 31355 ã¯æœªæ¥ã®æ™‚åˆ»ã§ã™
In file included from [01m[K/home/mlab/catkin_ws/src/img_subscriber/src/img_data_subpub_node.cpp:1:0[m[K:
[01m[K/home/mlab/catkin_ws/src/img_subscriber/src/../include/img_subscriber/img_data_subpub_node.hpp:51:72:[m[K [01;35m[Kwarning: [m[Knon-static data member initializers only available with -std=c++11 or -std=gnu++11
     cv::aruco::PREDEFINED_DICTIONARY_NAME dictionary_name = cv::aruco::DICT_4X4_50;//DICT_4x4_50ã®ARãƒãƒ¼ã‚«ã‚’æŒ‡å®š
[01;32m[K                                                                        ^[m[K
[01m[K/home/mlab/catkin_ws/src/img_subscriber/src/../include/img_subscriber/img_data_subpub_node.hpp:52:99:[m[K [01;35m[Kwarning: [m[Knon-static data member initializers only available with -std=c++11 or -std=gnu++11
     cv::Ptr<cv::aruco::Dictionary> dictionary = cv::aruco::getPredefinedDictionary(dictionary_name);//cv::Ptr<cv::aruco::Dictionary>ã®å¤‰æ•°dictionaryã‚’å®£è¨€ã—ãŸã†ãˆã§æ ¼ç´
[01;32m[K                                                                                                   ^[m[K
In file included from [01m[K/home/mlab/catkin_ws/src/img_subscriber/src/main.cpp:5:0[m[K:
[01m[K/home/mlab/catkin_ws/src/img_subscriber/src/../include/img_subscriber/img_data_subpub_node.hpp:51:72:[m[K [01;35m[Kwarning: [m[Knon-static data member initializers only available with -std=c++11 or -std=gnu++11
     cv::aruco::PREDEFINED_DICTIONARY_NAME dictionary_name = cv::aruco::DICT_4X4_50;//DICT_4x4_50ã®ARãƒãƒ¼ã‚«ã‚’æŒ‡å®š
[01;32m[K                                                                        ^[m[K
[01m[K/home/mlab/catkin_ws/src/img_subscriber/src/../include/img_subscriber/img_data_subpub_node.hpp:52:99:[m[K [01;35m[Kwarning: [m[Knon-static data member initializers only available with -std=c++11 or -std=gnu++11
     cv::Ptr<cv::aruco::Dictionary> dictionary = cv::aruco::getPredefinedDictionary(dictionary_name);//cv::Ptr<cv::aruco::Dictionary>ã®å¤‰æ•°dictionaryã‚’å®£è¨€ã—ãŸã†ãˆã§æ ¼ç´
[01;32m[K                                                                                                   ^[m[K
[01m[K/home/mlab/catkin_ws/src/img_subscriber/src/main.cpp:[m[K In function â€˜[01m[Kint main(int, char**)[m[Kâ€™:
[01m[K/home/mlab/catkin_ws/src/img_subscriber/src/main.cpp:50:84:[m[K [01;31m[Kerror: [m[Kâ€˜[01m[KImgData1[m[Kâ€™ has not been declared
     image_transport::Subscriber image_sub1 = it1.subscribe("bebop1/image_raw", 10,&ImgData1::imageCallback, &imgData1);//Subscriberã®ã‚¤ãƒ³ã‚¹ã‚¿ãƒ³ã‚¹image_subã‚’å®£è¨€
[01;32m[K                                                                                    ^[m[K
[01m[K/home/mlab/catkin_ws/src/img_subscriber/src/main.cpp:51:84:[m[K [01;31m[Kerror: [m[Kâ€˜[01m[KImgData2[m[Kâ€™ has not been declared
     image_transport::Subscriber image_sub2 = it2.subscribe("bebop2/image_raw", 10,&ImgData2::imageCallback, &imgData2);//Subscriberã®ã‚¤ãƒ³ã‚¹ã‚¿ãƒ³ã‚¹image_subã‚’å®£è¨€
[01;32m[K                                                                                    ^[m[K
make[2]: *** [CMakeFiles/img_subscriber_node.dir/src/main.cpp.o] ã‚¨ãƒ©ãƒ¼ 1
make[2]: *** æœªå®Œäº†ã®ã‚¸ãƒ§ãƒ–ã‚’å¾…ã£ã¦ã„ã¾ã™....
make[1]: *** [CMakeFiles/img_subscriber_node.dir/all] ã‚¨ãƒ©ãƒ¼ 2
make: *** [all] ã‚¨ãƒ©ãƒ¼ 2
