In file included from [01m[K/home/mlab/catkin_ws/src/img_subscriber/src/main.cpp:5:0[m[K:
[01m[K/home/mlab/catkin_ws/src/img_subscriber/src/../include/img_subscriber/img_data_subpub_node.hpp:53:72:[m[K [01;35m[Kwarning: [m[Knon-static data member initializers only available with -std=c++11 or -std=gnu++11
     cv::aruco::PREDEFINED_DICTIONARY_NAME dictionary_name = cv::aruco::DICT_4X4_50;//DICT_4x4_50ã®ARãƒãƒ¼ã‚«ã‚’æŒ‡å®š
[01;32m[K                                                                        ^[m[K
[01m[K/home/mlab/catkin_ws/src/img_subscriber/src/../include/img_subscriber/img_data_subpub_node.hpp:54:99:[m[K [01;35m[Kwarning: [m[Knon-static data member initializers only available with -std=c++11 or -std=gnu++11
     cv::Ptr<cv::aruco::Dictionary> dictionary = cv::aruco::getPredefinedDictionary(dictionary_name);//cv::Ptr<cv::aruco::Dictionary>ã®å¤‰æ•°dictionaryã‚’å®£è¨€ã—ãŸã†ãˆã§æ ¼ç´
[01;32m[K                                                                                                   ^[m[K
[01m[K/home/mlab/catkin_ws/src/img_subscriber/src/main.cpp:[m[K In function â€˜[01m[Kint main(int, char**)[m[Kâ€™:
[01m[K/home/mlab/catkin_ws/src/img_subscriber/src/main.cpp:59:33:[m[K [01;31m[Kerror: [m[Kâ€˜[01m[KimgData1[m[Kâ€™ is not a class or namespace
     imshow("marker_detection2", imgData1::imageCallback.org);
[01;32m[K                                 ^[m[K
make[2]: *** [CMakeFiles/img_subscriber_node.dir/src/main.cpp.o] ã‚¨ãƒ©ãƒ¼ 1
make[1]: *** [CMakeFiles/img_subscriber_node.dir/all] ã‚¨ãƒ©ãƒ¼ 2
make: *** [all] ã‚¨ãƒ©ãƒ¼ 2
