[01m[K/home/mlab/catkin_ws/src/cv_test/src/cv_test_node.cpp:[m[K In member function â€˜[01m[Kvoid ImgDataSub::imageCallback(const ImageConstPtr&)[m[Kâ€™:
[01m[K/home/mlab/catkin_ws/src/cv_test/src/cv_test_node.cpp:33:5:[m[K [01;31m[Kerror: [m[Kâ€˜[01m[Kimshow[m[Kâ€™ is not a member of â€˜[01m[Kcv[m[Kâ€™
     cv::imshow("get_image", image);
[01;32m[K     ^[m[K
[01m[K/home/mlab/catkin_ws/src/cv_test/src/cv_test_node.cpp:37:1:[m[K [01;31m[Kerror: [m[Ka function-definition is not allowed here before â€˜[01m[K{[m[Kâ€™ token
 {
[01;32m[K ^[m[K
[01m[K/home/mlab/catkin_ws/src/cv_test/src/cv_test_node.cpp:47:1:[m[K [01;31m[Kerror: [m[Kexpected â€˜[01m[K}[m[Kâ€™ at end of input
 }
[01;32m[K ^[m[K
make[2]: *** [CMakeFiles/cv_test_node.dir/src/cv_test_node.cpp.o] ã‚¨ãƒ©ãƒ¼ 1
make[1]: *** [CMakeFiles/cv_test_node.dir/all] ã‚¨ãƒ©ãƒ¼ 2
make: *** [all] ã‚¨ãƒ©ãƒ¼ 2
