In file included from [01m[K/opt/ros/kinetic/include/ros/ros.h:40:0[m[K,
                 from [01m[K/home/mlab/catkin_ws/src/cv_test/src/cv_test_node.cpp:1[m[K:
[01m[K/home/mlab/catkin_ws/src/cv_test/src/cv_test_node.cpp:[m[K In member function â€˜[01m[Kvoid ImgDataSub::imageCallback(const ImageConstPtr&)[m[Kâ€™:
[01m[K/home/mlab/catkin_ws/src/cv_test/src/cv_test_node.cpp:29:1:[m[K [01;31m[Kerror: [m[Kexpected primary-expression before â€˜[01m[K}[m[Kâ€™ token
 }"cv_bridge exception: %s", e.what());
[01;32m[K ^[m[K
[01m[K/opt/ros/kinetic/include/ros/console.h:346:165:[m[K [01;36m[Knote: [m[Kin definition of macro â€˜[01m[KROSCONSOLE_PRINT_AT_LOCATION_WITH_FILTER[m[Kâ€™
     ::ros::console::print(filter, __rosconsole_define_location__loc.logger_, __rosconsole_define_location__loc.level_, __FILE__, __LINE__, __ROSCONSOLE_FUNCTION__, __VA_ARGS__)
[01;32m[K                                                                                                                                                                     ^[m[K
[01m[K/opt/ros/kinetic/include/ros/console.h:379:7:[m[K [01;36m[Knote: [m[Kin expansion of macro â€˜[01m[KROSCONSOLE_PRINT_AT_LOCATION[m[Kâ€™
       ROSCONSOLE_PRINT_AT_LOCATION(__VA_ARGS__); \
[01;32m[K       ^[m[K
[01m[K/opt/ros/kinetic/include/ros/console.h:561:35:[m[K [01;36m[Knote: [m[Kin expansion of macro â€˜[01m[KROS_LOG_COND[m[Kâ€™
 #define ROS_LOG(level, name, ...) ROS_LOG_COND(true, level, name, __VA_ARGS__)
[01;32m[K                                   ^[m[K
[01m[K/opt/ros/kinetic/include/rosconsole/macros_generated.h:214:24:[m[K [01;36m[Knote: [m[Kin expansion of macro â€˜[01m[KROS_LOG[m[Kâ€™
 #define ROS_ERROR(...) ROS_LOG(::ros::console::levels::Error, ROSCONSOLE_DEFAULT_NAME, __VA_ARGS__)
[01;32m[K                        ^[m[K
[01m[K/home/mlab/catkin_ws/src/cv_test/src/cv_test_node.cpp:28:6:[m[K [01;36m[Knote: [m[Kin expansion of macro â€˜[01m[KROS_ERROR[m[Kâ€™
      ROS_ERROR(
[01;32m[K      ^[m[K
[01m[K/opt/ros/kinetic/include/ros/console.h:346:176:[m[K [01;31m[Kerror: [m[Kexpected â€˜[01m[K;[m[Kâ€™ before â€˜[01m[K)[m[Kâ€™ token
     ::ros::console::print(filter, __rosconsole_define_location__loc.logger_, __rosconsole_define_location__loc.level_, __FILE__, __LINE__, __ROSCONSOLE_FUNCTION__, __VA_ARGS__)
[01;32m[K                                                                                                                                                                                ^[m[K
[01m[K/opt/ros/kinetic/include/ros/console.h:349:5:[m[K [01;36m[Knote: [m[Kin expansion of macro â€˜[01m[KROSCONSOLE_PRINT_AT_LOCATION_WITH_FILTER[m[Kâ€™
     ROSCONSOLE_PRINT_AT_LOCATION_WITH_FILTER(0, __VA_ARGS__)
[01;32m[K     ^[m[K
[01m[K/opt/ros/kinetic/include/ros/console.h:379:7:[m[K [01;36m[Knote: [m[Kin expansion of macro â€˜[01m[KROSCONSOLE_PRINT_AT_LOCATION[m[Kâ€™
       ROSCONSOLE_PRINT_AT_LOCATION(__VA_ARGS__); \
[01;32m[K       ^[m[K
[01m[K/opt/ros/kinetic/include/ros/console.h:561:35:[m[K [01;36m[Knote: [m[Kin expansion of macro â€˜[01m[KROS_LOG_COND[m[Kâ€™
 #define ROS_LOG(level, name, ...) ROS_LOG_COND(true, level, name, __VA_ARGS__)
[01;32m[K                                   ^[m[K
[01m[K/opt/ros/kinetic/include/rosconsole/macros_generated.h:214:24:[m[K [01;36m[Knote: [m[Kin expansion of macro â€˜[01m[KROS_LOG[m[Kâ€™
 #define ROS_ERROR(...) ROS_LOG(::ros::console::levels::Error, ROSCONSOLE_DEFAULT_NAME, __VA_ARGS__)
[01;32m[K                        ^[m[K
[01m[K/home/mlab/catkin_ws/src/cv_test/src/cv_test_node.cpp:28:6:[m[K [01;36m[Knote: [m[Kin expansion of macro â€˜[01m[KROS_ERROR[m[Kâ€™
      ROS_ERROR(
[01;32m[K      ^[m[K
[01m[K/opt/ros/kinetic/include/ros/console.h:381:3:[m[K [01;31m[Kerror: [m[Kexpected â€˜[01m[Kwhile[m[Kâ€™ before â€˜[01m[K}[m[Kâ€™ token
   } while(false)
[01;32m[K   ^[m[K
[01m[K/opt/ros/kinetic/include/ros/console.h:561:35:[m[K [01;36m[Knote: [m[Kin expansion of macro â€˜[01m[KROS_LOG_COND[m[Kâ€™
 #define ROS_LOG(level, name, ...) ROS_LOG_COND(true, level, name, __VA_ARGS__)
[01;32m[K                                   ^[m[K
[01m[K/opt/ros/kinetic/include/rosconsole/macros_generated.h:214:24:[m[K [01;36m[Knote: [m[Kin expansion of macro â€˜[01m[KROS_LOG[m[Kâ€™
 #define ROS_ERROR(...) ROS_LOG(::ros::console::levels::Error, ROSCONSOLE_DEFAULT_NAME, __VA_ARGS__)
[01;32m[K                        ^[m[K
[01m[K/home/mlab/catkin_ws/src/cv_test/src/cv_test_node.cpp:28:6:[m[K [01;36m[Knote: [m[Kin expansion of macro â€˜[01m[KROS_ERROR[m[Kâ€™
      ROS_ERROR(
[01;32m[K      ^[m[K
[01m[K/opt/ros/kinetic/include/ros/console.h:381:3:[m[K [01;31m[Kerror: [m[Kexpected â€˜[01m[K([m[Kâ€™ before â€˜[01m[K}[m[Kâ€™ token
   } while(false)
[01;32m[K   ^[m[K
[01m[K/opt/ros/kinetic/include/ros/console.h:561:35:[m[K [01;36m[Knote: [m[Kin expansion of macro â€˜[01m[KROS_LOG_COND[m[Kâ€™
 #define ROS_LOG(level, name, ...) ROS_LOG_COND(true, level, name, __VA_ARGS__)
[01;32m[K                                   ^[m[K
[01m[K/opt/ros/kinetic/include/rosconsole/macros_generated.h:214:24:[m[K [01;36m[Knote: [m[Kin expansion of macro â€˜[01m[KROS_LOG[m[Kâ€™
 #define ROS_ERROR(...) ROS_LOG(::ros::console::levels::Error, ROSCONSOLE_DEFAULT_NAME, __VA_ARGS__)
[01;32m[K                        ^[m[K
[01m[K/home/mlab/catkin_ws/src/cv_test/src/cv_test_node.cpp:28:6:[m[K [01;36m[Knote: [m[Kin expansion of macro â€˜[01m[KROS_ERROR[m[Kâ€™
      ROS_ERROR(
[01;32m[K      ^[m[K
[01m[K/opt/ros/kinetic/include/ros/console.h:381:3:[m[K [01;31m[Kerror: [m[Kexpected primary-expression before â€˜[01m[K}[m[Kâ€™ token
   } while(false)
[01;32m[K   ^[m[K
[01m[K/opt/ros/kinetic/include/ros/console.h:561:35:[m[K [01;36m[Knote: [m[Kin expansion of macro â€˜[01m[KROS_LOG_COND[m[Kâ€™
 #define ROS_LOG(level, name, ...) ROS_LOG_COND(true, level, name, __VA_ARGS__)
[01;32m[K                                   ^[m[K
[01m[K/opt/ros/kinetic/include/rosconsole/macros_generated.h:214:24:[m[K [01;36m[Knote: [m[Kin expansion of macro â€˜[01m[KROS_LOG[m[Kâ€™
 #define ROS_ERROR(...) ROS_LOG(::ros::console::levels::Error, ROSCONSOLE_DEFAULT_NAME, __VA_ARGS__)
[01;32m[K                        ^[m[K
[01m[K/home/mlab/catkin_ws/src/cv_test/src/cv_test_node.cpp:28:6:[m[K [01;36m[Knote: [m[Kin expansion of macro â€˜[01m[KROS_ERROR[m[Kâ€™
      ROS_ERROR(
[01;32m[K      ^[m[K
[01m[K/opt/ros/kinetic/include/ros/console.h:381:3:[m[K [01;31m[Kerror: [m[Kexpected â€˜[01m[K)[m[Kâ€™ before â€˜[01m[K}[m[Kâ€™ token
   } while(false)
[01;32m[K   ^[m[K
[01m[K/opt/ros/kinetic/include/ros/console.h:561:35:[m[K [01;36m[Knote: [m[Kin expansion of macro â€˜[01m[KROS_LOG_COND[m[Kâ€™
 #define ROS_LOG(level, name, ...) ROS_LOG_COND(true, level, name, __VA_ARGS__)
[01;32m[K                                   ^[m[K
[01m[K/opt/ros/kinetic/include/rosconsole/macros_generated.h:214:24:[m[K [01;36m[Knote: [m[Kin expansion of macro â€˜[01m[KROS_LOG[m[Kâ€™
 #define ROS_ERROR(...) ROS_LOG(::ros::console::levels::Error, ROSCONSOLE_DEFAULT_NAME, __VA_ARGS__)
[01;32m[K                        ^[m[K
[01m[K/home/mlab/catkin_ws/src/cv_test/src/cv_test_node.cpp:28:6:[m[K [01;36m[Knote: [m[Kin expansion of macro â€˜[01m[KROS_ERROR[m[Kâ€™
      ROS_ERROR(
[01;32m[K      ^[m[K
[01m[K/opt/ros/kinetic/include/ros/console.h:381:3:[m[K [01;31m[Kerror: [m[Kexpected â€˜[01m[K;[m[Kâ€™ before â€˜[01m[K}[m[Kâ€™ token
   } while(false)
[01;32m[K   ^[m[K
[01m[K/opt/ros/kinetic/include/ros/console.h:561:35:[m[K [01;36m[Knote: [m[Kin expansion of macro â€˜[01m[KROS_LOG_COND[m[Kâ€™
 #define ROS_LOG(level, name, ...) ROS_LOG_COND(true, level, name, __VA_ARGS__)
[01;32m[K                                   ^[m[K
[01m[K/opt/ros/kinetic/include/rosconsole/macros_generated.h:214:24:[m[K [01;36m[Knote: [m[Kin expansion of macro â€˜[01m[KROS_LOG[m[Kâ€™
 #define ROS_ERROR(...) ROS_LOG(::ros::console::levels::Error, ROSCONSOLE_DEFAULT_NAME, __VA_ARGS__)
[01;32m[K                        ^[m[K
[01m[K/home/mlab/catkin_ws/src/cv_test/src/cv_test_node.cpp:28:6:[m[K [01;36m[Knote: [m[Kin expansion of macro â€˜[01m[KROS_ERROR[m[Kâ€™
      ROS_ERROR(
[01;32m[K      ^[m[K
[01m[K/home/mlab/catkin_ws/src/cv_test/src/cv_test_node.cpp:[m[K At global scope:
[01m[K/home/mlab/catkin_ws/src/cv_test/src/cv_test_node.cpp:31:24:[m[K [01;31m[Kerror: [m[Kâ€˜[01m[Kimage[m[Kâ€™ was not declared in this scope
     const int height = image.rows;
[01;32m[K                        ^[m[K
[01m[K/home/mlab/catkin_ws/src/cv_test/src/cv_test_node.cpp:32:23:[m[K [01;31m[Kerror: [m[Kâ€˜[01m[Kimage[m[Kâ€™ was not declared in this scope
     const int width = image.cols;
[01;32m[K                       ^[m[K
[01m[K/home/mlab/catkin_ws/src/cv_test/src/cv_test_node.cpp:33:11:[m[K [01;31m[Kerror: [m[Kexpected constructor, destructor, or type conversion before â€˜[01m[K([m[Kâ€™ token
     resize(image,image,cv::Size(),0.2,0.2);
[01;32m[K           ^[m[K
[01m[K/home/mlab/catkin_ws/src/cv_test/src/cv_test_node.cpp:34:15:[m[K [01;31m[Kerror: [m[Kexpected constructor, destructor, or type conversion before â€˜[01m[K([m[Kâ€™ token
     cv::imshow("get_image", image);
[01;32m[K               ^[m[K
[01m[K/home/mlab/catkin_ws/src/cv_test/src/cv_test_node.cpp:36:1:[m[K [01;31m[Kerror: [m[Kexpected declaration before â€˜[01m[K}[m[Kâ€™ token
 }
[01;32m[K ^[m[K
make[2]: *** [CMakeFiles/cv_test_node.dir/src/cv_test_node.cpp.o] ã‚¨ãƒ©ãƒ¼ 1
make[1]: *** [CMakeFiles/cv_test_node.dir/all] ã‚¨ãƒ©ãƒ¼ 2
make: *** [all] ã‚¨ãƒ©ãƒ¼ 2
