[01m[K/home/mlab/catkin_ws/src/cv_test/src/cv_test_node.cpp:[m[K In member function â€˜[01m[Kvoid ImgDataSub::imageCallback(const ImageConstPtr&)[m[Kâ€™:
[01m[K/home/mlab/catkin_ws/src/cv_test/src/cv_test_node.cpp:111:27:[m[K [01;31m[Kerror: [m[Kâ€˜[01m[Kargc[m[Kâ€™ was not declared in this scope
   const char *imagename = argc > 1 ? argv[1] : "output.jpg";
[01;32m[K                           ^[m[K
[01m[K/home/mlab/catkin_ws/src/cv_test/src/cv_test_node.cpp:111:38:[m[K [01;31m[Kerror: [m[Kâ€˜[01m[Kargv[m[Kâ€™ was not declared in this scope
   const char *imagename = argc > 1 ? argv[1] : "output.jpg";
[01;32m[K                                      ^[m[K
[01m[K/home/mlab/catkin_ws/src/cv_test/src/cv_test_node.cpp:122:32:[m[K [01;31m[Kerror: [m[Kreturn-statement with a value, in function returning 'void' [-fpermissive]
   if (src_img.empty()) return -1;
[01;32m[K                                ^[m[K
make[2]: *** [CMakeFiles/cv_test_node.dir/src/cv_test_node.cpp.o] ã‚¨ãƒ©ãƒ¼ 1
make[1]: *** [CMakeFiles/cv_test_node.dir/all] ã‚¨ãƒ©ãƒ¼ 2
make: *** [all] ã‚¨ãƒ©ãƒ¼ 2
