[01m[K/home/mlab/catkin_ws/src/cv_test/src/cv_test_node.cpp:[m[K In member function â€˜[01m[Kvoid ImgDataSub::imageCallback(const ImageConstPtr&)[m[Kâ€™:
[01m[K/home/mlab/catkin_ws/src/cv_test/src/cv_test_node.cpp:50:32:[m[K [01;31m[Kerror: [m[Ka function-definition is not allowed here before â€˜[01m[K{[m[Kâ€™ token
 int main(int argc, char** argv){
[01;32m[K                                ^[m[K
[01m[K/home/mlab/catkin_ws/src/cv_test/src/cv_test_node.cpp:60:1:[m[K [01;31m[Kerror: [m[Kexpected â€˜[01m[K}[m[Kâ€™ at end of input
 }
[01;32m[K ^[m[K
make[2]: *** [CMakeFiles/cv_test_node.dir/src/cv_test_node.cpp.o] ã‚¨ãƒ©ãƒ¼ 1
make[1]: *** [CMakeFiles/cv_test_node.dir/all] ã‚¨ãƒ©ãƒ¼ 2
make: *** [all] ã‚¨ãƒ©ãƒ¼ 2
